{"C:\\Users\\USER\\Documents\\GradXpert\\Final Project\\Hacktiv8-Final-Project-BE\\app.js": {"path":"C:\\Users\\USER\\Documents\\GradXpert\\Final Project\\Hacktiv8-Final-Project-BE\\app.js","statementMap":{"0":{"start":{"line":1,"column":0},"end":{"line":1,"column":60}},"1":{"start":{"line":2,"column":13},"end":{"line":2,"column":41}},"2":{"start":{"line":4,"column":16},"end":{"line":4,"column":34}},"3":{"start":{"line":5,"column":13},"end":{"line":5,"column":28}},"4":{"start":{"line":7,"column":19},"end":{"line":7,"column":48}},"5":{"start":{"line":8,"column":24},"end":{"line":8,"column":58}},"6":{"start":{"line":9,"column":20},"end":{"line":9,"column":50}},"7":{"start":{"line":11,"column":19},"end":{"line":11,"column":48}},"8":{"start":{"line":12,"column":17},"end":{"line":12,"column":44}},"9":{"start":{"line":13,"column":27},"end":{"line":13,"column":67}},"10":{"start":{"line":14,"column":20},"end":{"line":18,"column":1}},"11":{"start":{"line":21,"column":12},"end":{"line":21,"column":21}},"12":{"start":{"line":22,"column":0},"end":{"line":22,"column":24}},"13":{"start":{"line":23,"column":0},"end":{"line":23,"column":27}},"14":{"start":{"line":25,"column":0},"end":{"line":30,"column":3}},"15":{"start":{"line":26,"column":4},"end":{"line":29,"column":7}},"16":{"start":{"line":32,"column":0},"end":{"line":32,"column":33}},"17":{"start":{"line":33,"column":0},"end":{"line":33,"column":43}},"18":{"start":{"line":34,"column":0},"end":{"line":34,"column":35}},"19":{"start":{"line":36,"column":0},"end":{"line":38,"column":4}},"20":{"start":{"line":37,"column":4},"end":{"line":37,"column":54}},"21":{"start":{"line":40,"column":0},"end":{"line":40,"column":28}},"22":{"start":{"line":42,"column":0},"end":{"line":46,"column":1}},"23":{"start":{"line":43,"column":4},"end":{"line":45,"column":7}},"24":{"start":{"line":44,"column":8},"end":{"line":44,"column":49}},"25":{"start":{"line":48,"column":0},"end":{"line":48,"column":21}}},"fnMap":{"0":{"name":"(anonymous_0)","decl":{"start":{"line":25,"column":13},"end":{"line":25,"column":14}},"loc":{"start":{"line":25,"column":27},"end":{"line":30,"column":1}},"line":25},"1":{"name":"(anonymous_1)","decl":{"start":{"line":36,"column":24},"end":{"line":36,"column":25}},"loc":{"start":{"line":36,"column":36},"end":{"line":38,"column":1}},"line":36},"2":{"name":"(anonymous_2)","decl":{"start":{"line":43,"column":21},"end":{"line":43,"column":22}},"loc":{"start":{"line":43,"column":27},"end":{"line":45,"column":5}},"line":43}},"branchMap":{"0":{"loc":{"start":{"line":2,"column":13},"end":{"line":2,"column":41}},"type":"binary-expr","locations":[{"start":{"line":2,"column":13},"end":{"line":2,"column":33}},{"start":{"line":2,"column":37},"end":{"line":2,"column":41}}],"line":2},"1":{"loc":{"start":{"line":42,"column":0},"end":{"line":46,"column":1}},"type":"if","locations":[{"start":{"line":42,"column":0},"end":{"line":46,"column":1}},{"start":{},"end":{}}],"line":42}},"s":{"0":3,"1":3,"2":3,"3":3,"4":3,"5":3,"6":3,"7":3,"8":3,"9":3,"10":3,"11":3,"12":3,"13":3,"14":3,"15":0,"16":3,"17":3,"18":3,"19":3,"20":2,"21":3,"22":3,"23":0,"24":0,"25":3},"f":{"0":0,"1":2,"2":0},"b":{"0":[3,0],"1":[0,3]},"_coverageSchema":"1a1c01bbd47fc00a2c39e90264f33305004495a9","hash":"435bf495a63100ad5e3b7519685fb0d1ff23c23c"}
,"C:\\Users\\USER\\Documents\\GradXpert\\Final Project\\Hacktiv8-Final-Project-BE\\config\\config.js": {"path":"C:\\Users\\USER\\Documents\\GradXpert\\Final Project\\Hacktiv8-Final-Project-BE\\config\\config.js","statementMap":{"0":{"start":{"line":1,"column":0},"end":{"line":1,"column":60}},"1":{"start":{"line":3,"column":0},"end":{"line":31,"column":2}}},"fnMap":{},"branchMap":{},"s":{"0":3,"1":3},"f":{},"b":{},"_coverageSchema":"1a1c01bbd47fc00a2c39e90264f33305004495a9","hash":"db98cc6ba43577eab910321b3cdf00f29eea8ef3"}
,"C:\\Users\\USER\\Documents\\GradXpert\\Final Project\\Hacktiv8-Final-Project-BE\\config\\database.js": {"path":"C:\\Users\\USER\\Documents\\GradXpert\\Final Project\\Hacktiv8-Final-Project-BE\\config\\database.js","statementMap":{"0":{"start":{"line":1,"column":22},"end":{"line":1,"column":42}},"1":{"start":{"line":2,"column":12},"end":{"line":2,"column":49}},"2":{"start":{"line":3,"column":15},"end":{"line":3,"column":34}},"3":{"start":{"line":5,"column":18},"end":{"line":5,"column":44}},"4":{"start":{"line":7,"column":0},"end":{"line":7,"column":27}}},"fnMap":{},"branchMap":{"0":{"loc":{"start":{"line":2,"column":12},"end":{"line":2,"column":49}},"type":"binary-expr","locations":[{"start":{"line":2,"column":12},"end":{"line":2,"column":32}},{"start":{"line":2,"column":36},"end":{"line":2,"column":49}}],"line":2}},"s":{"0":3,"1":3,"2":3,"3":3,"4":3},"f":{},"b":{"0":[3,0]},"_coverageSchema":"1a1c01bbd47fc00a2c39e90264f33305004495a9","hash":"7f231c8dd2565f680eab34418b1b40966833e93e"}
,"C:\\Users\\USER\\Documents\\GradXpert\\Final Project\\Hacktiv8-Final-Project-BE\\controllers\\authController.js": {"path":"C:\\Users\\USER\\Documents\\GradXpert\\Final Project\\Hacktiv8-Final-Project-BE\\controllers\\authController.js","statementMap":{"0":{"start":{"line":1,"column":14},"end":{"line":1,"column":43}},"1":{"start":{"line":2,"column":17},"end":{"line":2,"column":45}},"2":{"start":{"line":3,"column":19},"end":{"line":3,"column":49}},"3":{"start":{"line":5,"column":12},"end":{"line":5,"column":35}},"4":{"start":{"line":6,"column":15},"end":{"line":6,"column":32}},"5":{"start":{"line":8,"column":22},"end":{"line":12,"column":1}},"6":{"start":{"line":9,"column":4},"end":{"line":11,"column":6}},"7":{"start":{"line":14,"column":15},"end":{"line":54,"column":2}},"8":{"start":{"line":15,"column":17},"end":{"line":15,"column":25}},"9":{"start":{"line":20,"column":4},"end":{"line":22,"column":5}},"10":{"start":{"line":21,"column":8},"end":{"line":21,"column":82}},"11":{"start":{"line":24,"column":4},"end":{"line":26,"column":5}},"12":{"start":{"line":25,"column":8},"end":{"line":25,"column":85}},"13":{"start":{"line":28,"column":20},"end":{"line":34,"column":6}},"14":{"start":{"line":36,"column":4},"end":{"line":38,"column":5}},"15":{"start":{"line":37,"column":8},"end":{"line":37,"column":61}},"16":{"start":{"line":40,"column":19},"end":{"line":40,"column":35}},"17":{"start":{"line":42,"column":4},"end":{"line":42,"column":27}},"18":{"start":{"line":43,"column":4},"end":{"line":43,"column":28}},"19":{"start":{"line":45,"column":4},"end":{"line":47,"column":7}},"20":{"start":{"line":49,"column":4},"end":{"line":53,"column":7}},"21":{"start":{"line":56,"column":14},"end":{"line":87,"column":2}},"22":{"start":{"line":57,"column":32},"end":{"line":57,"column":40}},"23":{"start":{"line":59,"column":4},"end":{"line":65,"column":5}},"24":{"start":{"line":60,"column":8},"end":{"line":60,"column":76}},"25":{"start":{"line":61,"column":11},"end":{"line":65,"column":5}},"26":{"start":{"line":62,"column":8},"end":{"line":62,"column":63}},"27":{"start":{"line":63,"column":11},"end":{"line":65,"column":5}},"28":{"start":{"line":64,"column":8},"end":{"line":64,"column":66}},"29":{"start":{"line":67,"column":19},"end":{"line":69,"column":6}},"30":{"start":{"line":71,"column":4},"end":{"line":73,"column":5}},"31":{"start":{"line":72,"column":8},"end":{"line":72,"column":63}},"32":{"start":{"line":75,"column":18},"end":{"line":77,"column":6}},"33":{"start":{"line":79,"column":4},"end":{"line":86,"column":7}},"34":{"start":{"line":89,"column":22},"end":{"line":105,"column":2}},"35":{"start":{"line":90,"column":4},"end":{"line":92,"column":5}},"36":{"start":{"line":91,"column":8},"end":{"line":91,"column":74}},"37":{"start":{"line":94,"column":19},"end":{"line":94,"column":53}},"38":{"start":{"line":96,"column":4},"end":{"line":104,"column":5}},"39":{"start":{"line":97,"column":8},"end":{"line":97,"column":54}},"40":{"start":{"line":99,"column":8},"end":{"line":103,"column":10}},"41":{"start":{"line":107,"column":23},"end":{"line":128,"column":2}},"42":{"start":{"line":108,"column":16},"end":{"line":108,"column":18}},"43":{"start":{"line":110,"column":4},"end":{"line":112,"column":5}},"44":{"start":{"line":111,"column":8},"end":{"line":111,"column":56}},"45":{"start":{"line":114,"column":4},"end":{"line":116,"column":5}},"46":{"start":{"line":115,"column":8},"end":{"line":115,"column":64}},"47":{"start":{"line":118,"column":24},"end":{"line":118,"column":69}},"48":{"start":{"line":119,"column":24},"end":{"line":119,"column":60}},"49":{"start":{"line":121,"column":4},"end":{"line":123,"column":5}},"50":{"start":{"line":122,"column":8},"end":{"line":122,"column":77}},"51":{"start":{"line":125,"column":4},"end":{"line":125,"column":27}},"52":{"start":{"line":127,"column":4},"end":{"line":127,"column":18}},"53":{"start":{"line":130,"column":23},"end":{"line":140,"column":1}},"54":{"start":{"line":131,"column":28},"end":{"line":137,"column":5}},"55":{"start":{"line":132,"column":8},"end":{"line":134,"column":9}},"56":{"start":{"line":133,"column":12},"end":{"line":133,"column":102}},"57":{"start":{"line":136,"column":8},"end":{"line":136,"column":22}},"58":{"start":{"line":139,"column":4},"end":{"line":139,"column":27}},"59":{"start":{"line":142,"column":0},"end":{"line":142,"column":82}}},"fnMap":{"0":{"name":"(anonymous_0)","decl":{"start":{"line":8,"column":22},"end":{"line":8,"column":23}},"loc":{"start":{"line":8,"column":33},"end":{"line":12,"column":1}},"line":8},"1":{"name":"(anonymous_1)","decl":{"start":{"line":14,"column":26},"end":{"line":14,"column":27}},"loc":{"start":{"line":14,"column":52},"end":{"line":54,"column":1}},"line":14},"2":{"name":"(anonymous_2)","decl":{"start":{"line":56,"column":25},"end":{"line":56,"column":26}},"loc":{"start":{"line":56,"column":51},"end":{"line":87,"column":1}},"line":56},"3":{"name":"(anonymous_3)","decl":{"start":{"line":89,"column":33},"end":{"line":89,"column":34}},"loc":{"start":{"line":89,"column":59},"end":{"line":105,"column":1}},"line":89},"4":{"name":"(anonymous_4)","decl":{"start":{"line":107,"column":34},"end":{"line":107,"column":35}},"loc":{"start":{"line":107,"column":60},"end":{"line":128,"column":1}},"line":107},"5":{"name":"(anonymous_5)","decl":{"start":{"line":130,"column":23},"end":{"line":130,"column":24}},"loc":{"start":{"line":130,"column":40},"end":{"line":140,"column":1}},"line":130},"6":{"name":"(anonymous_6)","decl":{"start":{"line":131,"column":28},"end":{"line":131,"column":29}},"loc":{"start":{"line":131,"column":48},"end":{"line":137,"column":5}},"line":131}},"branchMap":{"0":{"loc":{"start":{"line":20,"column":4},"end":{"line":22,"column":5}},"type":"if","locations":[{"start":{"line":20,"column":4},"end":{"line":22,"column":5}},{"start":{},"end":{}}],"line":20},"1":{"loc":{"start":{"line":24,"column":4},"end":{"line":26,"column":5}},"type":"if","locations":[{"start":{"line":24,"column":4},"end":{"line":26,"column":5}},{"start":{},"end":{}}],"line":24},"2":{"loc":{"start":{"line":36,"column":4},"end":{"line":38,"column":5}},"type":"if","locations":[{"start":{"line":36,"column":4},"end":{"line":38,"column":5}},{"start":{},"end":{}}],"line":36},"3":{"loc":{"start":{"line":59,"column":4},"end":{"line":65,"column":5}},"type":"if","locations":[{"start":{"line":59,"column":4},"end":{"line":65,"column":5}},{"start":{"line":61,"column":11},"end":{"line":65,"column":5}}],"line":59},"4":{"loc":{"start":{"line":59,"column":8},"end":{"line":59,"column":27}},"type":"binary-expr","locations":[{"start":{"line":59,"column":8},"end":{"line":59,"column":14}},{"start":{"line":59,"column":18},"end":{"line":59,"column":27}}],"line":59},"5":{"loc":{"start":{"line":61,"column":11},"end":{"line":65,"column":5}},"type":"if","locations":[{"start":{"line":61,"column":11},"end":{"line":65,"column":5}},{"start":{"line":63,"column":11},"end":{"line":65,"column":5}}],"line":61},"6":{"loc":{"start":{"line":63,"column":11},"end":{"line":65,"column":5}},"type":"if","locations":[{"start":{"line":63,"column":11},"end":{"line":65,"column":5}},{"start":{},"end":{}}],"line":63},"7":{"loc":{"start":{"line":71,"column":4},"end":{"line":73,"column":5}},"type":"if","locations":[{"start":{"line":71,"column":4},"end":{"line":73,"column":5}},{"start":{},"end":{}}],"line":71},"8":{"loc":{"start":{"line":71,"column":8},"end":{"line":71,"column":69}},"type":"binary-expr","locations":[{"start":{"line":71,"column":8},"end":{"line":71,"column":15}},{"start":{"line":71,"column":19},"end":{"line":71,"column":69}}],"line":71},"9":{"loc":{"start":{"line":90,"column":4},"end":{"line":92,"column":5}},"type":"if","locations":[{"start":{"line":90,"column":4},"end":{"line":92,"column":5}},{"start":{},"end":{}}],"line":90},"10":{"loc":{"start":{"line":96,"column":4},"end":{"line":104,"column":5}},"type":"if","locations":[{"start":{"line":96,"column":4},"end":{"line":104,"column":5}},{"start":{"line":98,"column":11},"end":{"line":104,"column":5}}],"line":96},"11":{"loc":{"start":{"line":110,"column":4},"end":{"line":112,"column":5}},"type":"if","locations":[{"start":{"line":110,"column":4},"end":{"line":112,"column":5}},{"start":{},"end":{}}],"line":110},"12":{"loc":{"start":{"line":110,"column":8},"end":{"line":110,"column":83}},"type":"binary-expr","locations":[{"start":{"line":110,"column":8},"end":{"line":110,"column":33}},{"start":{"line":110,"column":37},"end":{"line":110,"column":83}}],"line":110},"13":{"loc":{"start":{"line":114,"column":4},"end":{"line":116,"column":5}},"type":"if","locations":[{"start":{"line":114,"column":4},"end":{"line":116,"column":5}},{"start":{},"end":{}}],"line":114},"14":{"loc":{"start":{"line":121,"column":4},"end":{"line":123,"column":5}},"type":"if","locations":[{"start":{"line":121,"column":4},"end":{"line":123,"column":5}},{"start":{},"end":{}}],"line":121},"15":{"loc":{"start":{"line":132,"column":8},"end":{"line":134,"column":9}},"type":"if","locations":[{"start":{"line":132,"column":8},"end":{"line":134,"column":9}},{"start":{},"end":{}}],"line":132}},"s":{"0":3,"1":3,"2":3,"3":3,"4":3,"5":3,"6":3,"7":3,"8":3,"9":3,"10":1,"11":2,"12":0,"13":2,"14":1,"15":0,"16":1,"17":1,"18":1,"19":1,"20":1,"21":3,"22":7,"23":7,"24":1,"25":6,"26":1,"27":5,"28":1,"29":4,"30":4,"31":2,"32":2,"33":2,"34":3,"35":3,"36":1,"37":2,"38":2,"39":1,"40":1,"41":3,"42":6,"43":6,"44":5,"45":6,"46":1,"47":5,"48":5,"49":5,"50":1,"51":4,"52":4,"53":3,"54":15,"55":1,"56":0,"57":1,"58":15,"59":3},"f":{"0":3,"1":3,"2":7,"3":3,"4":6,"5":15,"6":1},"b":{"0":[1,2],"1":[0,2],"2":[0,1],"3":[1,6],"4":[7,2],"5":[1,5],"6":[1,4],"7":[2,2],"8":[4,3],"9":[1,2],"10":[1,1],"11":[5,1],"12":[6,5],"13":[1,5],"14":[1,4],"15":[0,1]},"_coverageSchema":"1a1c01bbd47fc00a2c39e90264f33305004495a9","hash":"f519e544f52d08e1589c70be063a5d73f99e021b"}
,"C:\\Users\\USER\\Documents\\GradXpert\\Final Project\\Hacktiv8-Final-Project-BE\\controllers\\errorController.js": {"path":"C:\\Users\\USER\\Documents\\GradXpert\\Final Project\\Hacktiv8-Final-Project-BE\\controllers\\errorController.js","statementMap":{"0":{"start":{"line":1,"column":17},"end":{"line":1,"column":45}},"1":{"start":{"line":3,"column":23},"end":{"line":14,"column":1}},"2":{"start":{"line":4,"column":23},"end":{"line":4,"column":46}},"3":{"start":{"line":5,"column":19},"end":{"line":5,"column":42}},"4":{"start":{"line":6,"column":20},"end":{"line":6,"column":33}},"5":{"start":{"line":7,"column":18},"end":{"line":7,"column":29}},"6":{"start":{"line":9,"column":4},"end":{"line":13,"column":7}},"7":{"start":{"line":16,"column":24},"end":{"line":35,"column":1}},"8":{"start":{"line":17,"column":23},"end":{"line":17,"column":46}},"9":{"start":{"line":18,"column":19},"end":{"line":18,"column":42}},"10":{"start":{"line":19,"column":20},"end":{"line":19,"column":33}},"11":{"start":{"line":20,"column":18},"end":{"line":20,"column":29}},"12":{"start":{"line":22,"column":4},"end":{"line":27,"column":5}},"13":{"start":{"line":23,"column":8},"end":{"line":26,"column":11}},"14":{"start":{"line":29,"column":4},"end":{"line":29,"column":50}},"15":{"start":{"line":31,"column":4},"end":{"line":34,"column":7}},"16":{"start":{"line":37,"column":27},"end":{"line":52,"column":1}},"17":{"start":{"line":38,"column":4},"end":{"line":40,"column":5}},"18":{"start":{"line":39,"column":8},"end":{"line":39,"column":59}},"19":{"start":{"line":41,"column":4},"end":{"line":43,"column":5}},"20":{"start":{"line":42,"column":8},"end":{"line":42,"column":59}},"21":{"start":{"line":44,"column":4},"end":{"line":46,"column":5}},"22":{"start":{"line":45,"column":8},"end":{"line":45,"column":51}},"23":{"start":{"line":48,"column":4},"end":{"line":50,"column":5}},"24":{"start":{"line":49,"column":8},"end":{"line":49,"column":42}},"25":{"start":{"line":51,"column":4},"end":{"line":51,"column":32}},"26":{"start":{"line":54,"column":0},"end":{"line":54,"column":36}}},"fnMap":{"0":{"name":"(anonymous_0)","decl":{"start":{"line":3,"column":23},"end":{"line":3,"column":24}},"loc":{"start":{"line":3,"column":39},"end":{"line":14,"column":1}},"line":3},"1":{"name":"(anonymous_1)","decl":{"start":{"line":16,"column":24},"end":{"line":16,"column":25}},"loc":{"start":{"line":16,"column":40},"end":{"line":35,"column":1}},"line":16},"2":{"name":"(anonymous_2)","decl":{"start":{"line":37,"column":27},"end":{"line":37,"column":28}},"loc":{"start":{"line":37,"column":54},"end":{"line":52,"column":1}},"line":37}},"branchMap":{"0":{"loc":{"start":{"line":4,"column":23},"end":{"line":4,"column":46}},"type":"binary-expr","locations":[{"start":{"line":4,"column":23},"end":{"line":4,"column":39}},{"start":{"line":4,"column":43},"end":{"line":4,"column":46}}],"line":4},"1":{"loc":{"start":{"line":5,"column":19},"end":{"line":5,"column":42}},"type":"binary-expr","locations":[{"start":{"line":5,"column":19},"end":{"line":5,"column":31}},{"start":{"line":5,"column":35},"end":{"line":5,"column":42}}],"line":5},"2":{"loc":{"start":{"line":17,"column":23},"end":{"line":17,"column":46}},"type":"binary-expr","locations":[{"start":{"line":17,"column":23},"end":{"line":17,"column":39}},{"start":{"line":17,"column":43},"end":{"line":17,"column":46}}],"line":17},"3":{"loc":{"start":{"line":18,"column":19},"end":{"line":18,"column":42}},"type":"binary-expr","locations":[{"start":{"line":18,"column":19},"end":{"line":18,"column":31}},{"start":{"line":18,"column":35},"end":{"line":18,"column":42}}],"line":18},"4":{"loc":{"start":{"line":22,"column":4},"end":{"line":27,"column":5}},"type":"if","locations":[{"start":{"line":22,"column":4},"end":{"line":27,"column":5}},{"start":{},"end":{}}],"line":22},"5":{"loc":{"start":{"line":38,"column":4},"end":{"line":40,"column":5}},"type":"if","locations":[{"start":{"line":38,"column":4},"end":{"line":40,"column":5}},{"start":{},"end":{}}],"line":38},"6":{"loc":{"start":{"line":41,"column":4},"end":{"line":43,"column":5}},"type":"if","locations":[{"start":{"line":41,"column":4},"end":{"line":43,"column":5}},{"start":{},"end":{}}],"line":41},"7":{"loc":{"start":{"line":44,"column":4},"end":{"line":46,"column":5}},"type":"if","locations":[{"start":{"line":44,"column":4},"end":{"line":46,"column":5}},{"start":{},"end":{}}],"line":44},"8":{"loc":{"start":{"line":48,"column":4},"end":{"line":50,"column":5}},"type":"if","locations":[{"start":{"line":48,"column":4},"end":{"line":50,"column":5}},{"start":{},"end":{}}],"line":48}},"s":{"0":3,"1":3,"2":0,"3":0,"4":0,"5":0,"6":0,"7":3,"8":13,"9":13,"10":13,"11":13,"12":13,"13":13,"14":13,"15":13,"16":3,"17":13,"18":1,"19":13,"20":0,"21":13,"22":0,"23":13,"24":0,"25":13,"26":3},"f":{"0":0,"1":13,"2":13},"b":{"0":[0,0],"1":[0,0],"2":[13,0],"3":[13,0],"4":[13,0],"5":[1,12],"6":[0,13],"7":[0,13],"8":[0,13]},"_coverageSchema":"1a1c01bbd47fc00a2c39e90264f33305004495a9","hash":"86987d1a11303ec97f05af4bea08a8ee67f9fc30"}
,"C:\\Users\\USER\\Documents\\GradXpert\\Final Project\\Hacktiv8-Final-Project-BE\\controllers\\inventoryController.js": {"path":"C:\\Users\\USER\\Documents\\GradXpert\\Final Project\\Hacktiv8-Final-Project-BE\\controllers\\inventoryController.js","statementMap":{"0":{"start":{"line":1,"column":18},"end":{"line":1,"column":51}},"1":{"start":{"line":2,"column":17},"end":{"line":2,"column":45}},"2":{"start":{"line":3,"column":19},"end":{"line":3,"column":49}},"3":{"start":{"line":4,"column":11},"end":{"line":4,"column":43}},"4":{"start":{"line":6,"column":28},"end":{"line":23,"column":2}},"5":{"start":{"line":7,"column":17},"end":{"line":7,"column":25}},"6":{"start":{"line":9,"column":29},"end":{"line":16,"column":6}},"7":{"start":{"line":18,"column":4},"end":{"line":22,"column":7}},"8":{"start":{"line":25,"column":24},"end":{"line":57,"column":2}},"9":{"start":{"line":26,"column":28},"end":{"line":26,"column":37}},"10":{"start":{"line":27,"column":17},"end":{"line":27,"column":19}},"11":{"start":{"line":30,"column":4},"end":{"line":56,"column":5}},"12":{"start":{"line":31,"column":8},"end":{"line":31,"column":61}},"13":{"start":{"line":33,"column":20},"end":{"line":33,"column":117}},"14":{"start":{"line":34,"column":25},"end":{"line":34,"column":66}},"15":{"start":{"line":36,"column":8},"end":{"line":36,"column":71}},"16":{"start":{"line":37,"column":8},"end":{"line":37,"column":79}},"17":{"start":{"line":39,"column":8},"end":{"line":46,"column":11}},"18":{"start":{"line":48,"column":8},"end":{"line":48,"column":43}},"19":{"start":{"line":49,"column":8},"end":{"line":49,"column":43}},"20":{"start":{"line":49,"column":30},"end":{"line":49,"column":41}},"21":{"start":{"line":51,"column":8},"end":{"line":55,"column":11}},"22":{"start":{"line":59,"column":27},"end":{"line":75,"column":2}},"23":{"start":{"line":60,"column":4},"end":{"line":62,"column":5}},"24":{"start":{"line":61,"column":8},"end":{"line":61,"column":51}},"25":{"start":{"line":64,"column":19},"end":{"line":64,"column":57}},"26":{"start":{"line":66,"column":4},"end":{"line":68,"column":5}},"27":{"start":{"line":67,"column":8},"end":{"line":67,"column":67}},"28":{"start":{"line":70,"column":4},"end":{"line":74,"column":7}},"29":{"start":{"line":77,"column":28},"end":{"line":94,"column":2}},"30":{"start":{"line":78,"column":19},"end":{"line":83,"column":6}},"31":{"start":{"line":85,"column":4},"end":{"line":87,"column":5}},"32":{"start":{"line":86,"column":8},"end":{"line":86,"column":78}},"33":{"start":{"line":89,"column":4},"end":{"line":93,"column":7}},"34":{"start":{"line":96,"column":26},"end":{"line":120,"column":2}},"35":{"start":{"line":97,"column":19},"end":{"line":109,"column":6}},"36":{"start":{"line":111,"column":4},"end":{"line":113,"column":5}},"37":{"start":{"line":112,"column":8},"end":{"line":112,"column":78}},"38":{"start":{"line":115,"column":4},"end":{"line":119,"column":7}},"39":{"start":{"line":122,"column":0},"end":{"line":122,"column":118}}},"fnMap":{"0":{"name":"(anonymous_0)","decl":{"start":{"line":6,"column":39},"end":{"line":6,"column":40}},"loc":{"start":{"line":6,"column":65},"end":{"line":23,"column":1}},"line":6},"1":{"name":"(anonymous_1)","decl":{"start":{"line":25,"column":35},"end":{"line":25,"column":36}},"loc":{"start":{"line":25,"column":61},"end":{"line":57,"column":1}},"line":25},"2":{"name":"(anonymous_2)","decl":{"start":{"line":49,"column":20},"end":{"line":49,"column":21}},"loc":{"start":{"line":49,"column":30},"end":{"line":49,"column":41}},"line":49},"3":{"name":"(anonymous_3)","decl":{"start":{"line":59,"column":38},"end":{"line":59,"column":39}},"loc":{"start":{"line":59,"column":64},"end":{"line":75,"column":1}},"line":59},"4":{"name":"(anonymous_4)","decl":{"start":{"line":77,"column":39},"end":{"line":77,"column":40}},"loc":{"start":{"line":77,"column":65},"end":{"line":94,"column":1}},"line":77},"5":{"name":"(anonymous_5)","decl":{"start":{"line":96,"column":37},"end":{"line":96,"column":38}},"loc":{"start":{"line":96,"column":63},"end":{"line":120,"column":1}},"line":96}},"branchMap":{"0":{"loc":{"start":{"line":30,"column":4},"end":{"line":56,"column":5}},"type":"if","locations":[{"start":{"line":30,"column":4},"end":{"line":56,"column":5}},{"start":{"line":47,"column":11},"end":{"line":56,"column":5}}],"line":30},"1":{"loc":{"start":{"line":30,"column":8},"end":{"line":30,"column":21}},"type":"binary-expr","locations":[{"start":{"line":30,"column":8},"end":{"line":30,"column":13}},{"start":{"line":30,"column":17},"end":{"line":30,"column":21}}],"line":30},"2":{"loc":{"start":{"line":60,"column":4},"end":{"line":62,"column":5}},"type":"if","locations":[{"start":{"line":60,"column":4},"end":{"line":62,"column":5}},{"start":{},"end":{}}],"line":60},"3":{"loc":{"start":{"line":66,"column":4},"end":{"line":68,"column":5}},"type":"if","locations":[{"start":{"line":66,"column":4},"end":{"line":68,"column":5}},{"start":{},"end":{}}],"line":66},"4":{"loc":{"start":{"line":85,"column":4},"end":{"line":87,"column":5}},"type":"if","locations":[{"start":{"line":85,"column":4},"end":{"line":87,"column":5}},{"start":{},"end":{}}],"line":85},"5":{"loc":{"start":{"line":111,"column":4},"end":{"line":113,"column":5}},"type":"if","locations":[{"start":{"line":111,"column":4},"end":{"line":113,"column":5}},{"start":{},"end":{}}],"line":111}},"s":{"0":3,"1":3,"2":3,"3":3,"4":3,"5":1,"6":1,"7":1,"8":3,"9":0,"10":0,"11":0,"12":0,"13":0,"14":0,"15":0,"16":0,"17":0,"18":0,"19":0,"20":0,"21":0,"22":3,"23":0,"24":0,"25":0,"26":0,"27":0,"28":0,"29":3,"30":0,"31":0,"32":0,"33":0,"34":3,"35":0,"36":0,"37":0,"38":0,"39":3},"f":{"0":1,"1":0,"2":0,"3":0,"4":0,"5":0},"b":{"0":[0,0],"1":[0,0],"2":[0,0],"3":[0,0],"4":[0,0],"5":[0,0]},"_coverageSchema":"1a1c01bbd47fc00a2c39e90264f33305004495a9","hash":"39d7565d94520f3ac74e28f864d19dd10f462fa1"}
,"C:\\Users\\USER\\Documents\\GradXpert\\Final Project\\Hacktiv8-Final-Project-BE\\controllers\\loansController.js": {"path":"C:\\Users\\USER\\Documents\\GradXpert\\Final Project\\Hacktiv8-Final-Project-BE\\controllers\\loansController.js","statementMap":{"0":{"start":{"line":1,"column":14},"end":{"line":1,"column":43}},"1":{"start":{"line":2,"column":18},"end":{"line":2,"column":51}},"2":{"start":{"line":3,"column":14},"end":{"line":3,"column":43}},"3":{"start":{"line":4,"column":17},"end":{"line":4,"column":45}},"4":{"start":{"line":5,"column":19},"end":{"line":5,"column":49}},"5":{"start":{"line":6,"column":11},"end":{"line":6,"column":43}},"6":{"start":{"line":8,"column":22},"end":{"line":68,"column":2}},"7":{"start":{"line":9,"column":24},"end":{"line":9,"column":61}},"8":{"start":{"line":10,"column":4},"end":{"line":12,"column":5}},"9":{"start":{"line":11,"column":8},"end":{"line":11,"column":59}},"10":{"start":{"line":14,"column":24},"end":{"line":14,"column":65}},"11":{"start":{"line":15,"column":4},"end":{"line":17,"column":5}},"12":{"start":{"line":16,"column":8},"end":{"line":16,"column":59}},"13":{"start":{"line":19,"column":21},"end":{"line":19,"column":48}},"14":{"start":{"line":20,"column":23},"end":{"line":20,"column":52}},"15":{"start":{"line":21,"column":18},"end":{"line":21,"column":28}},"16":{"start":{"line":23,"column":4},"end":{"line":27,"column":5}},"17":{"start":{"line":26,"column":8},"end":{"line":26,"column":77}},"18":{"start":{"line":30,"column":4},"end":{"line":32,"column":5}},"19":{"start":{"line":31,"column":8},"end":{"line":31,"column":78}},"20":{"start":{"line":34,"column":4},"end":{"line":36,"column":5}},"21":{"start":{"line":35,"column":8},"end":{"line":35,"column":100}},"22":{"start":{"line":38,"column":4},"end":{"line":40,"column":5}},"23":{"start":{"line":39,"column":8},"end":{"line":39,"column":64}},"24":{"start":{"line":42,"column":4},"end":{"line":44,"column":5}},"25":{"start":{"line":43,"column":8},"end":{"line":43,"column":63}},"26":{"start":{"line":46,"column":17},"end":{"line":53,"column":6}},"27":{"start":{"line":55,"column":4},"end":{"line":61,"column":6}},"28":{"start":{"line":63,"column":4},"end":{"line":67,"column":7}},"29":{"start":{"line":70,"column":16},"end":{"line":156,"column":2}},"30":{"start":{"line":71,"column":28},"end":{"line":71,"column":37}},"31":{"start":{"line":72,"column":17},"end":{"line":72,"column":21}},"32":{"start":{"line":75,"column":4},"end":{"line":155,"column":5}},"33":{"start":{"line":76,"column":8},"end":{"line":107,"column":9}},"34":{"start":{"line":77,"column":29},"end":{"line":77,"column":66}},"35":{"start":{"line":79,"column":12},"end":{"line":89,"column":15}},"36":{"start":{"line":90,"column":12},"end":{"line":90,"column":83}},"37":{"start":{"line":92,"column":29},"end":{"line":92,"column":104}},"38":{"start":{"line":94,"column":12},"end":{"line":105,"column":15}},"39":{"start":{"line":106,"column":12},"end":{"line":106,"column":83}},"40":{"start":{"line":109,"column":8},"end":{"line":111,"column":9}},"41":{"start":{"line":110,"column":12},"end":{"line":110,"column":60}},"42":{"start":{"line":113,"column":8},"end":{"line":120,"column":11}},"43":{"start":{"line":122,"column":8},"end":{"line":143,"column":9}},"44":{"start":{"line":123,"column":12},"end":{"line":131,"column":15}},"45":{"start":{"line":133,"column":12},"end":{"line":142,"column":15}},"46":{"start":{"line":145,"column":8},"end":{"line":147,"column":9}},"47":{"start":{"line":146,"column":12},"end":{"line":146,"column":60}},"48":{"start":{"line":149,"column":8},"end":{"line":154,"column":11}},"49":{"start":{"line":158,"column":19},"end":{"line":175,"column":2}},"50":{"start":{"line":159,"column":19},"end":{"line":164,"column":6}},"51":{"start":{"line":166,"column":4},"end":{"line":168,"column":5}},"52":{"start":{"line":167,"column":8},"end":{"line":167,"column":78}},"53":{"start":{"line":170,"column":4},"end":{"line":174,"column":7}},"54":{"start":{"line":177,"column":17},"end":{"line":233,"column":2}},"55":{"start":{"line":178,"column":26},"end":{"line":178,"column":89}},"56":{"start":{"line":179,"column":24},"end":{"line":179,"column":65}},"57":{"start":{"line":180,"column":4},"end":{"line":182,"column":5}},"58":{"start":{"line":181,"column":8},"end":{"line":181,"column":59}},"59":{"start":{"line":184,"column":4},"end":{"line":186,"column":5}},"60":{"start":{"line":185,"column":8},"end":{"line":185,"column":50}},"61":{"start":{"line":188,"column":18},"end":{"line":192,"column":6}},"62":{"start":{"line":194,"column":4},"end":{"line":196,"column":5}},"63":{"start":{"line":195,"column":8},"end":{"line":195,"column":58}},"64":{"start":{"line":198,"column":4},"end":{"line":200,"column":5}},"65":{"start":{"line":199,"column":8},"end":{"line":199,"column":54}},"66":{"start":{"line":202,"column":17},"end":{"line":211,"column":6}},"67":{"start":{"line":214,"column":4},"end":{"line":222,"column":5}},"68":{"start":{"line":215,"column":8},"end":{"line":221,"column":10}},"69":{"start":{"line":224,"column":4},"end":{"line":226,"column":5}},"70":{"start":{"line":225,"column":8},"end":{"line":225,"column":78}},"71":{"start":{"line":228,"column":4},"end":{"line":232,"column":7}},"72":{"start":{"line":235,"column":0},"end":{"line":235,"column":66}}},"fnMap":{"0":{"name":"(anonymous_0)","decl":{"start":{"line":8,"column":33},"end":{"line":8,"column":34}},"loc":{"start":{"line":8,"column":59},"end":{"line":68,"column":1}},"line":8},"1":{"name":"(anonymous_1)","decl":{"start":{"line":70,"column":27},"end":{"line":70,"column":28}},"loc":{"start":{"line":70,"column":53},"end":{"line":156,"column":1}},"line":70},"2":{"name":"(anonymous_2)","decl":{"start":{"line":158,"column":30},"end":{"line":158,"column":31}},"loc":{"start":{"line":158,"column":56},"end":{"line":175,"column":1}},"line":158},"3":{"name":"(anonymous_3)","decl":{"start":{"line":177,"column":28},"end":{"line":177,"column":29}},"loc":{"start":{"line":177,"column":54},"end":{"line":233,"column":1}},"line":177}},"branchMap":{"0":{"loc":{"start":{"line":10,"column":4},"end":{"line":12,"column":5}},"type":"if","locations":[{"start":{"line":10,"column":4},"end":{"line":12,"column":5}},{"start":{},"end":{}}],"line":10},"1":{"loc":{"start":{"line":15,"column":4},"end":{"line":17,"column":5}},"type":"if","locations":[{"start":{"line":15,"column":4},"end":{"line":17,"column":5}},{"start":{},"end":{}}],"line":15},"2":{"loc":{"start":{"line":23,"column":4},"end":{"line":27,"column":5}},"type":"if","locations":[{"start":{"line":23,"column":4},"end":{"line":27,"column":5}},{"start":{},"end":{}}],"line":23},"3":{"loc":{"start":{"line":23,"column":8},"end":{"line":25,"column":140}},"type":"binary-expr","locations":[{"start":{"line":23,"column":8},"end":{"line":23,"column":52}},{"start":{"line":24,"column":9},"end":{"line":24,"column":55}},{"start":{"line":24,"column":59},"end":{"line":24,"column":97}},{"start":{"line":25,"column":9},"end":{"line":25,"column":55}},{"start":{"line":25,"column":59},"end":{"line":25,"column":99}},{"start":{"line":25,"column":103},"end":{"line":25,"column":139}}],"line":23},"4":{"loc":{"start":{"line":30,"column":4},"end":{"line":32,"column":5}},"type":"if","locations":[{"start":{"line":30,"column":4},"end":{"line":32,"column":5}},{"start":{},"end":{}}],"line":30},"5":{"loc":{"start":{"line":34,"column":4},"end":{"line":36,"column":5}},"type":"if","locations":[{"start":{"line":34,"column":4},"end":{"line":36,"column":5}},{"start":{},"end":{}}],"line":34},"6":{"loc":{"start":{"line":38,"column":4},"end":{"line":40,"column":5}},"type":"if","locations":[{"start":{"line":38,"column":4},"end":{"line":40,"column":5}},{"start":{},"end":{}}],"line":38},"7":{"loc":{"start":{"line":42,"column":4},"end":{"line":44,"column":5}},"type":"if","locations":[{"start":{"line":42,"column":4},"end":{"line":44,"column":5}},{"start":{},"end":{}}],"line":42},"8":{"loc":{"start":{"line":75,"column":4},"end":{"line":155,"column":5}},"type":"if","locations":[{"start":{"line":75,"column":4},"end":{"line":155,"column":5}},{"start":{"line":121,"column":11},"end":{"line":155,"column":5}}],"line":75},"9":{"loc":{"start":{"line":75,"column":8},"end":{"line":75,"column":21}},"type":"binary-expr","locations":[{"start":{"line":75,"column":8},"end":{"line":75,"column":13}},{"start":{"line":75,"column":17},"end":{"line":75,"column":21}}],"line":75},"10":{"loc":{"start":{"line":76,"column":8},"end":{"line":107,"column":9}},"type":"if","locations":[{"start":{"line":76,"column":8},"end":{"line":107,"column":9}},{"start":{"line":91,"column":15},"end":{"line":107,"column":9}}],"line":76},"11":{"loc":{"start":{"line":109,"column":8},"end":{"line":111,"column":9}},"type":"if","locations":[{"start":{"line":109,"column":8},"end":{"line":111,"column":9}},{"start":{},"end":{}}],"line":109},"12":{"loc":{"start":{"line":122,"column":8},"end":{"line":143,"column":9}},"type":"if","locations":[{"start":{"line":122,"column":8},"end":{"line":143,"column":9}},{"start":{"line":132,"column":15},"end":{"line":143,"column":9}}],"line":122},"13":{"loc":{"start":{"line":145,"column":8},"end":{"line":147,"column":9}},"type":"if","locations":[{"start":{"line":145,"column":8},"end":{"line":147,"column":9}},{"start":{},"end":{}}],"line":145},"14":{"loc":{"start":{"line":166,"column":4},"end":{"line":168,"column":5}},"type":"if","locations":[{"start":{"line":166,"column":4},"end":{"line":168,"column":5}},{"start":{},"end":{}}],"line":166},"15":{"loc":{"start":{"line":180,"column":4},"end":{"line":182,"column":5}},"type":"if","locations":[{"start":{"line":180,"column":4},"end":{"line":182,"column":5}},{"start":{},"end":{}}],"line":180},"16":{"loc":{"start":{"line":184,"column":4},"end":{"line":186,"column":5}},"type":"if","locations":[{"start":{"line":184,"column":4},"end":{"line":186,"column":5}},{"start":{},"end":{}}],"line":184},"17":{"loc":{"start":{"line":194,"column":4},"end":{"line":196,"column":5}},"type":"if","locations":[{"start":{"line":194,"column":4},"end":{"line":196,"column":5}},{"start":{},"end":{}}],"line":194},"18":{"loc":{"start":{"line":198,"column":4},"end":{"line":200,"column":5}},"type":"if","locations":[{"start":{"line":198,"column":4},"end":{"line":200,"column":5}},{"start":{},"end":{}}],"line":198},"19":{"loc":{"start":{"line":214,"column":4},"end":{"line":222,"column":5}},"type":"if","locations":[{"start":{"line":214,"column":4},"end":{"line":222,"column":5}},{"start":{},"end":{}}],"line":214},"20":{"loc":{"start":{"line":224,"column":4},"end":{"line":226,"column":5}},"type":"if","locations":[{"start":{"line":224,"column":4},"end":{"line":226,"column":5}},{"start":{},"end":{}}],"line":224}},"s":{"0":3,"1":3,"2":3,"3":3,"4":3,"5":3,"6":3,"7":0,"8":0,"9":0,"10":0,"11":0,"12":0,"13":0,"14":0,"15":0,"16":0,"17":0,"18":0,"19":0,"20":0,"21":0,"22":0,"23":0,"24":0,"25":0,"26":0,"27":0,"28":0,"29":3,"30":0,"31":0,"32":0,"33":0,"34":0,"35":0,"36":0,"37":0,"38":0,"39":0,"40":0,"41":0,"42":0,"43":0,"44":0,"45":0,"46":0,"47":0,"48":0,"49":3,"50":0,"51":0,"52":0,"53":0,"54":3,"55":0,"56":0,"57":0,"58":0,"59":0,"60":0,"61":0,"62":0,"63":0,"64":0,"65":0,"66":0,"67":0,"68":0,"69":0,"70":0,"71":0,"72":3},"f":{"0":0,"1":0,"2":0,"3":0},"b":{"0":[0,0],"1":[0,0],"2":[0,0],"3":[0,0,0,0,0,0],"4":[0,0],"5":[0,0],"6":[0,0],"7":[0,0],"8":[0,0],"9":[0,0],"10":[0,0],"11":[0,0],"12":[0,0],"13":[0,0],"14":[0,0],"15":[0,0],"16":[0,0],"17":[0,0],"18":[0,0],"19":[0,0],"20":[0,0]},"_coverageSchema":"1a1c01bbd47fc00a2c39e90264f33305004495a9","hash":"3495b4a0cb49e7c32bc453fbd5ea3c8dfaeb2394"}
,"C:\\Users\\USER\\Documents\\GradXpert\\Final Project\\Hacktiv8-Final-Project-BE\\db\\models\\index.js": {"path":"C:\\Users\\USER\\Documents\\GradXpert\\Final Project\\Hacktiv8-Final-Project-BE\\db\\models\\index.js","statementMap":{"0":{"start":{"line":3,"column":11},"end":{"line":3,"column":24}},"1":{"start":{"line":4,"column":13},"end":{"line":4,"column":28}},"2":{"start":{"line":5,"column":18},"end":{"line":5,"column":38}},"3":{"start":{"line":6,"column":16},"end":{"line":6,"column":34}},"4":{"start":{"line":7,"column":17},"end":{"line":7,"column":42}},"5":{"start":{"line":8,"column":12},"end":{"line":8,"column":49}},"6":{"start":{"line":9,"column":15},"end":{"line":9,"column":66}},"7":{"start":{"line":10,"column":11},"end":{"line":10,"column":13}},"8":{"start":{"line":13,"column":0},"end":{"line":17,"column":1}},"9":{"start":{"line":14,"column":2},"end":{"line":14,"column":74}},"10":{"start":{"line":16,"column":2},"end":{"line":16,"column":87}},"11":{"start":{"line":19,"column":0},"end":{"line":33,"column":5}},"12":{"start":{"line":22,"column":4},"end":{"line":27,"column":6}},"13":{"start":{"line":30,"column":22},"end":{"line":30,"column":57}},"14":{"start":{"line":31,"column":18},"end":{"line":31,"column":63}},"15":{"start":{"line":32,"column":4},"end":{"line":32,"column":27}},"16":{"start":{"line":35,"column":0},"end":{"line":39,"column":3}},"17":{"start":{"line":36,"column":2},"end":{"line":38,"column":3}},"18":{"start":{"line":37,"column":4},"end":{"line":37,"column":32}},"19":{"start":{"line":41,"column":0},"end":{"line":41,"column":25}},"20":{"start":{"line":42,"column":0},"end":{"line":42,"column":25}},"21":{"start":{"line":44,"column":0},"end":{"line":44,"column":20}}},"fnMap":{"0":{"name":"(anonymous_0)","decl":{"start":{"line":21,"column":10},"end":{"line":21,"column":11}},"loc":{"start":{"line":21,"column":18},"end":{"line":28,"column":3}},"line":21},"1":{"name":"(anonymous_1)","decl":{"start":{"line":29,"column":11},"end":{"line":29,"column":12}},"loc":{"start":{"line":29,"column":19},"end":{"line":33,"column":3}},"line":29},"2":{"name":"(anonymous_2)","decl":{"start":{"line":35,"column":24},"end":{"line":35,"column":25}},"loc":{"start":{"line":35,"column":37},"end":{"line":39,"column":1}},"line":35}},"branchMap":{"0":{"loc":{"start":{"line":8,"column":12},"end":{"line":8,"column":49}},"type":"binary-expr","locations":[{"start":{"line":8,"column":12},"end":{"line":8,"column":32}},{"start":{"line":8,"column":36},"end":{"line":8,"column":49}}],"line":8},"1":{"loc":{"start":{"line":13,"column":0},"end":{"line":17,"column":1}},"type":"if","locations":[{"start":{"line":13,"column":0},"end":{"line":17,"column":1}},{"start":{"line":15,"column":7},"end":{"line":17,"column":1}}],"line":13},"2":{"loc":{"start":{"line":23,"column":6},"end":{"line":26,"column":37}},"type":"binary-expr","locations":[{"start":{"line":23,"column":6},"end":{"line":23,"column":29}},{"start":{"line":24,"column":6},"end":{"line":24,"column":23}},{"start":{"line":25,"column":6},"end":{"line":25,"column":30}},{"start":{"line":26,"column":6},"end":{"line":26,"column":37}}],"line":23},"3":{"loc":{"start":{"line":36,"column":2},"end":{"line":38,"column":3}},"type":"if","locations":[{"start":{"line":36,"column":2},"end":{"line":38,"column":3}},{"start":{},"end":{}}],"line":36}},"s":{"0":3,"1":3,"2":3,"3":3,"4":3,"5":3,"6":3,"7":3,"8":3,"9":0,"10":3,"11":3,"12":12,"13":9,"14":9,"15":9,"16":3,"17":3,"18":0,"19":3,"20":3,"21":3},"f":{"0":12,"1":9,"2":3},"b":{"0":[3,0],"1":[0,3],"2":[12,12,9,9],"3":[0,3]},"_coverageSchema":"1a1c01bbd47fc00a2c39e90264f33305004495a9","hash":"aeba5603702bc7d9d8f6f61f7ea4f1baa1eaff58"}
,"C:\\Users\\USER\\Documents\\GradXpert\\Final Project\\Hacktiv8-Final-Project-BE\\db\\models\\inventory.js": {"path":"C:\\Users\\USER\\Documents\\GradXpert\\Final Project\\Hacktiv8-Final-Project-BE\\db\\models\\inventory.js","statementMap":{"0":{"start":{"line":2,"column":22},"end":{"line":2,"column":42}},"1":{"start":{"line":3,"column":18},"end":{"line":3,"column":50}},"2":{"start":{"line":5,"column":18},"end":{"line":116,"column":2}},"3":{"start":{"line":118,"column":0},"end":{"line":118,"column":27}}},"fnMap":{},"branchMap":{},"s":{"0":3,"1":3,"2":3,"3":3},"f":{},"b":{},"_coverageSchema":"1a1c01bbd47fc00a2c39e90264f33305004495a9","hash":"930069a85233c101cb969f70c6513b8dbbcf1f88"}
,"C:\\Users\\USER\\Documents\\GradXpert\\Final Project\\Hacktiv8-Final-Project-BE\\db\\models\\loans.js": {"path":"C:\\Users\\USER\\Documents\\GradXpert\\Final Project\\Hacktiv8-Final-Project-BE\\db\\models\\loans.js","statementMap":{"0":{"start":{"line":2,"column":22},"end":{"line":2,"column":42}},"1":{"start":{"line":3,"column":18},"end":{"line":3,"column":50}},"2":{"start":{"line":4,"column":18},"end":{"line":4,"column":40}},"3":{"start":{"line":5,"column":14},"end":{"line":5,"column":32}},"4":{"start":{"line":7,"column":14},"end":{"line":72,"column":2}},"5":{"start":{"line":74,"column":0},"end":{"line":74,"column":47}},"6":{"start":{"line":75,"column":0},"end":{"line":75,"column":49}},"7":{"start":{"line":77,"column":0},"end":{"line":77,"column":51}},"8":{"start":{"line":78,"column":0},"end":{"line":78,"column":53}},"9":{"start":{"line":80,"column":0},"end":{"line":80,"column":23}}},"fnMap":{},"branchMap":{},"s":{"0":3,"1":3,"2":3,"3":3,"4":3,"5":3,"6":3,"7":3,"8":3,"9":3},"f":{},"b":{},"_coverageSchema":"1a1c01bbd47fc00a2c39e90264f33305004495a9","hash":"7bea3baa0d1af163d7c127d7fd5fbd257291ab27"}
,"C:\\Users\\USER\\Documents\\GradXpert\\Final Project\\Hacktiv8-Final-Project-BE\\db\\models\\users.js": {"path":"C:\\Users\\USER\\Documents\\GradXpert\\Final Project\\Hacktiv8-Final-Project-BE\\db\\models\\users.js","statementMap":{"0":{"start":{"line":2,"column":22},"end":{"line":2,"column":42}},"1":{"start":{"line":3,"column":18},"end":{"line":3,"column":50}},"2":{"start":{"line":4,"column":15},"end":{"line":4,"column":32}},"3":{"start":{"line":6,"column":14},"end":{"line":98,"column":2}},"4":{"start":{"line":79,"column":27},"end":{"line":79,"column":73}},"5":{"start":{"line":80,"column":6},"end":{"line":80,"column":50}},"6":{"start":{"line":100,"column":0},"end":{"line":100,"column":23}}},"fnMap":{"0":{"name":"(anonymous_0)","decl":{"start":{"line":78,"column":4},"end":{"line":78,"column":5}},"loc":{"start":{"line":78,"column":15},"end":{"line":81,"column":5}},"line":78}},"branchMap":{},"s":{"0":3,"1":3,"2":3,"3":3,"4":2,"5":2,"6":3},"f":{"0":2},"b":{},"_coverageSchema":"1a1c01bbd47fc00a2c39e90264f33305004495a9","hash":"b3919c39491dce82483aadded77dfbf049680876"}
,"C:\\Users\\USER\\Documents\\GradXpert\\Final Project\\Hacktiv8-Final-Project-BE\\routes\\authRoute.js": {"path":"C:\\Users\\USER\\Documents\\GradXpert\\Final Project\\Hacktiv8-Final-Project-BE\\routes\\authRoute.js","statementMap":{"0":{"start":{"line":1,"column":15},"end":{"line":1,"column":42}},"1":{"start":{"line":2,"column":57},"end":{"line":2,"column":97}},"2":{"start":{"line":5,"column":0},"end":{"line":5,"column":37}},"3":{"start":{"line":6,"column":0},"end":{"line":6,"column":35}},"4":{"start":{"line":7,"column":0},"end":{"line":7,"column":58}},"5":{"start":{"line":9,"column":0},"end":{"line":9,"column":24}}},"fnMap":{},"branchMap":{},"s":{"0":3,"1":3,"2":3,"3":3,"4":3,"5":3},"f":{},"b":{},"_coverageSchema":"1a1c01bbd47fc00a2c39e90264f33305004495a9","hash":"5825e2a0a72505c3d9240e39334e86e526e0cc71"}
,"C:\\Users\\USER\\Documents\\GradXpert\\Final Project\\Hacktiv8-Final-Project-BE\\routes\\inventoryRoute.js": {"path":"C:\\Users\\USER\\Documents\\GradXpert\\Final Project\\Hacktiv8-Final-Project-BE\\routes\\inventoryRoute.js","statementMap":{"0":{"start":{"line":1,"column":43},"end":{"line":1,"column":83}},"1":{"start":{"line":2,"column":109},"end":{"line":2,"column":154}},"2":{"start":{"line":4,"column":15},"end":{"line":4,"column":42}},"3":{"start":{"line":6,"column":0},"end":{"line":6,"column":87}},"4":{"start":{"line":8,"column":0},"end":{"line":8,"column":65}},"5":{"start":{"line":10,"column":0},"end":{"line":10,"column":64}},"6":{"start":{"line":12,"column":0},"end":{"line":12,"column":89}},"7":{"start":{"line":14,"column":0},"end":{"line":14,"column":83}},"8":{"start":{"line":16,"column":0},"end":{"line":16,"column":24}}},"fnMap":{},"branchMap":{},"s":{"0":3,"1":3,"2":3,"3":3,"4":3,"5":3,"6":3,"7":3,"8":3},"f":{},"b":{},"_coverageSchema":"1a1c01bbd47fc00a2c39e90264f33305004495a9","hash":"ae0135e2c89a6feceb00fca87989288535147e47"}
,"C:\\Users\\USER\\Documents\\GradXpert\\Final Project\\Hacktiv8-Final-Project-BE\\routes\\loansRoute.js": {"path":"C:\\Users\\USER\\Documents\\GradXpert\\Final Project\\Hacktiv8-Final-Project-BE\\routes\\loansRoute.js","statementMap":{"0":{"start":{"line":1,"column":43},"end":{"line":1,"column":83}},"1":{"start":{"line":2,"column":57},"end":{"line":2,"column":98}},"2":{"start":{"line":4,"column":15},"end":{"line":4,"column":42}},"3":{"start":{"line":6,"column":0},"end":{"line":6,"column":60}},"4":{"start":{"line":7,"column":0},"end":{"line":7,"column":54}},"5":{"start":{"line":8,"column":0},"end":{"line":8,"column":80}},"6":{"start":{"line":9,"column":0},"end":{"line":9,"column":75}},"7":{"start":{"line":11,"column":0},"end":{"line":11,"column":24}}},"fnMap":{},"branchMap":{},"s":{"0":3,"1":3,"2":3,"3":3,"4":3,"5":3,"6":3,"7":3},"f":{},"b":{},"_coverageSchema":"1a1c01bbd47fc00a2c39e90264f33305004495a9","hash":"ca4b11bf99597ae91f93e5c1c2d4018b98e345ce"}
,"C:\\Users\\USER\\Documents\\GradXpert\\Final Project\\Hacktiv8-Final-Project-BE\\utils\\apiError.js": {"path":"C:\\Users\\USER\\Documents\\GradXpert\\Final Project\\Hacktiv8-Final-Project-BE\\utils\\apiError.js","statementMap":{"0":{"start":{"line":3,"column":8},"end":{"line":3,"column":23}},"1":{"start":{"line":5,"column":8},"end":{"line":5,"column":37}},"2":{"start":{"line":6,"column":8},"end":{"line":6,"column":73}},"3":{"start":{"line":7,"column":8},"end":{"line":7,"column":34}},"4":{"start":{"line":9,"column":8},"end":{"line":9,"column":56}},"5":{"start":{"line":13,"column":0},"end":{"line":13,"column":26}}},"fnMap":{"0":{"name":"(anonymous_0)","decl":{"start":{"line":2,"column":4},"end":{"line":2,"column":5}},"loc":{"start":{"line":2,"column":37},"end":{"line":10,"column":5}},"line":2}},"branchMap":{"0":{"loc":{"start":{"line":6,"column":22},"end":{"line":6,"column":72}},"type":"cond-expr","locations":[{"start":{"line":6,"column":54},"end":{"line":6,"column":62}},{"start":{"line":6,"column":65},"end":{"line":6,"column":72}}],"line":6}},"s":{"0":13,"1":13,"2":13,"3":13,"4":13,"5":3},"f":{"0":13},"b":{"0":[13,0]},"_coverageSchema":"1a1c01bbd47fc00a2c39e90264f33305004495a9","hash":"a73de5efec88a6cce99a0e2f391994a3f415a536"}
,"C:\\Users\\USER\\Documents\\GradXpert\\Final Project\\Hacktiv8-Final-Project-BE\\utils\\catchAsync.js": {"path":"C:\\Users\\USER\\Documents\\GradXpert\\Final Project\\Hacktiv8-Final-Project-BE\\utils\\catchAsync.js","statementMap":{"0":{"start":{"line":1,"column":19},"end":{"line":7,"column":1}},"1":{"start":{"line":2,"column":25},"end":{"line":4,"column":5}},"2":{"start":{"line":3,"column":8},"end":{"line":3,"column":39}},"3":{"start":{"line":6,"column":4},"end":{"line":6,"column":24}},"4":{"start":{"line":9,"column":0},"end":{"line":9,"column":28}}},"fnMap":{"0":{"name":"(anonymous_0)","decl":{"start":{"line":1,"column":19},"end":{"line":1,"column":20}},"loc":{"start":{"line":1,"column":27},"end":{"line":7,"column":1}},"line":1},"1":{"name":"(anonymous_1)","decl":{"start":{"line":2,"column":25},"end":{"line":2,"column":26}},"loc":{"start":{"line":2,"column":45},"end":{"line":4,"column":5}},"line":2}},"branchMap":{},"s":{"0":3,"1":42,"2":22,"3":42,"4":3},"f":{"0":42,"1":22},"b":{},"_coverageSchema":"1a1c01bbd47fc00a2c39e90264f33305004495a9","hash":"08a048bfd1a5a4db694500fec6182924c4123775"}
}
