TN:
SF:app.js
FN:25,(anonymous_0)
FN:36,(anonymous_1)
FN:43,(anonymous_2)
FNF:3
FNH:1
FNDA:0,(anonymous_0)
FNDA:2,(anonymous_1)
FNDA:0,(anonymous_2)
DA:1,3
DA:2,3
DA:4,3
DA:5,3
DA:7,3
DA:8,3
DA:9,3
DA:11,3
DA:12,3
DA:13,3
DA:14,3
DA:21,3
DA:22,3
DA:23,3
DA:25,3
DA:26,0
DA:32,3
DA:33,3
DA:34,3
DA:36,3
DA:37,2
DA:40,3
DA:42,3
DA:43,0
DA:44,0
DA:48,3
LF:26
LH:23
BRDA:2,0,0,3
BRDA:2,0,1,0
BRDA:42,1,0,0
BRDA:42,1,1,3
BRF:4
BRH:2
end_of_record
TN:
SF:config\config.js
FNF:0
FNH:0
DA:1,3
DA:3,3
LF:2
LH:2
BRF:0
BRH:0
end_of_record
TN:
SF:config\database.js
FNF:0
FNH:0
DA:1,3
DA:2,3
DA:3,3
DA:5,3
DA:7,3
LF:5
LH:5
BRDA:2,0,0,3
BRDA:2,0,1,0
BRF:2
BRH:1
end_of_record
TN:
SF:controllers\authController.js
FN:8,(anonymous_0)
FN:14,(anonymous_1)
FN:56,(anonymous_2)
FN:89,(anonymous_3)
FN:107,(anonymous_4)
FN:130,(anonymous_5)
FN:131,(anonymous_6)
FNF:7
FNH:7
FNDA:3,(anonymous_0)
FNDA:3,(anonymous_1)
FNDA:7,(anonymous_2)
FNDA:3,(anonymous_3)
FNDA:6,(anonymous_4)
FNDA:15,(anonymous_5)
FNDA:1,(anonymous_6)
DA:1,3
DA:2,3
DA:3,3
DA:5,3
DA:6,3
DA:8,3
DA:9,3
DA:14,3
DA:15,3
DA:20,3
DA:21,1
DA:24,2
DA:25,0
DA:28,2
DA:36,1
DA:37,0
DA:40,1
DA:42,1
DA:43,1
DA:45,1
DA:49,1
DA:56,3
DA:57,7
DA:59,7
DA:60,1
DA:61,6
DA:62,1
DA:63,5
DA:64,1
DA:67,4
DA:71,4
DA:72,2
DA:75,2
DA:79,2
DA:89,3
DA:90,3
DA:91,1
DA:94,2
DA:96,2
DA:97,1
DA:99,1
DA:107,3
DA:108,6
DA:110,6
DA:111,5
DA:114,6
DA:115,1
DA:118,5
DA:119,5
DA:121,5
DA:122,1
DA:125,4
DA:127,4
DA:130,3
DA:131,15
DA:132,1
DA:133,0
DA:136,1
DA:139,15
DA:142,3
LF:60
LH:57
BRDA:20,0,0,1
BRDA:20,0,1,2
BRDA:24,1,0,0
BRDA:24,1,1,2
BRDA:36,2,0,0
BRDA:36,2,1,1
BRDA:59,3,0,1
BRDA:59,3,1,6
BRDA:59,4,0,7
BRDA:59,4,1,2
BRDA:61,5,0,1
BRDA:61,5,1,5
BRDA:63,6,0,1
BRDA:63,6,1,4
BRDA:71,7,0,2
BRDA:71,7,1,2
BRDA:71,8,0,4
BRDA:71,8,1,3
BRDA:90,9,0,1
BRDA:90,9,1,2
BRDA:96,10,0,1
BRDA:96,10,1,1
BRDA:110,11,0,5
BRDA:110,11,1,1
BRDA:110,12,0,6
BRDA:110,12,1,5
BRDA:114,13,0,1
BRDA:114,13,1,5
BRDA:121,14,0,1
BRDA:121,14,1,4
BRDA:132,15,0,0
BRDA:132,15,1,1
BRF:32
BRH:29
end_of_record
TN:
SF:controllers\errorController.js
FN:3,(anonymous_0)
FN:16,(anonymous_1)
FN:37,(anonymous_2)
FNF:3
FNH:2
FNDA:0,(anonymous_0)
FNDA:13,(anonymous_1)
FNDA:13,(anonymous_2)
DA:1,3
DA:3,3
DA:4,0
DA:5,0
DA:6,0
DA:7,0
DA:9,0
DA:16,3
DA:17,13
DA:18,13
DA:19,13
DA:20,13
DA:22,13
DA:23,13
DA:29,13
DA:31,13
DA:37,3
DA:38,13
DA:39,1
DA:41,13
DA:42,0
DA:44,13
DA:45,0
DA:48,13
DA:49,0
DA:51,13
DA:54,3
LF:27
LH:19
BRDA:4,0,0,0
BRDA:4,0,1,0
BRDA:5,1,0,0
BRDA:5,1,1,0
BRDA:17,2,0,13
BRDA:17,2,1,0
BRDA:18,3,0,13
BRDA:18,3,1,0
BRDA:22,4,0,13
BRDA:22,4,1,0
BRDA:38,5,0,1
BRDA:38,5,1,12
BRDA:41,6,0,0
BRDA:41,6,1,13
BRDA:44,7,0,0
BRDA:44,7,1,13
BRDA:48,8,0,0
BRDA:48,8,1,13
BRF:18
BRH:8
end_of_record
TN:
SF:controllers\inventoryController.js
FN:5,(anonymous_0)
FN:24,(anonymous_1)
FN:29,(anonymous_2)
FN:38,(anonymous_3)
FN:56,(anonymous_4)
FN:75,(anonymous_5)
FNF:6
FNH:1
FNDA:1,(anonymous_0)
FNDA:0,(anonymous_1)
FNDA:0,(anonymous_2)
FNDA:0,(anonymous_3)
FNDA:0,(anonymous_4)
FNDA:0,(anonymous_5)
DA:1,3
DA:2,3
DA:3,3
DA:5,3
DA:6,1
DA:8,1
DA:17,1
DA:24,3
DA:28,0
DA:29,0
DA:31,0
DA:38,3
DA:39,0
DA:40,0
DA:43,0
DA:45,0
DA:46,0
DA:49,0
DA:56,3
DA:57,0
DA:64,0
DA:65,0
DA:68,0
DA:75,3
DA:76,0
DA:90,0
DA:91,0
DA:94,0
DA:101,3
LF:29
LH:12
BRDA:39,0,0,0
BRDA:39,0,1,0
BRDA:45,1,0,0
BRDA:45,1,1,0
BRDA:64,2,0,0
BRDA:64,2,1,0
BRDA:90,3,0,0
BRDA:90,3,1,0
BRF:8
BRH:0
end_of_record
TN:
SF:controllers\loansController.js
FN:7,(anonymous_0)
FN:69,(anonymous_1)
FN:106,(anonymous_2)
FN:125,(anonymous_3)
FNF:4
FNH:0
FNDA:0,(anonymous_0)
FNDA:0,(anonymous_1)
FNDA:0,(anonymous_2)
FNDA:0,(anonymous_3)
DA:1,3
DA:2,3
DA:3,3
DA:4,3
DA:5,3
DA:7,3
DA:8,0
DA:9,0
DA:10,0
DA:13,0
DA:14,0
DA:15,0
DA:18,0
DA:19,0
DA:20,0
DA:22,0
DA:25,0
DA:29,0
DA:30,0
DA:33,0
DA:34,0
DA:37,0
DA:38,0
DA:41,0
DA:42,0
DA:45,0
DA:54,0
DA:62,0
DA:69,3
DA:70,0
DA:72,0
DA:73,0
DA:83,0
DA:95,0
DA:96,0
DA:99,0
DA:106,3
DA:107,0
DA:114,0
DA:115,0
DA:118,0
DA:125,3
DA:126,0
DA:128,0
DA:129,0
DA:132,0
DA:138,0
DA:139,0
DA:142,0
DA:143,0
DA:146,0
DA:155,0
DA:156,0
DA:159,0
DA:166,3
LF:55
LH:10
BRDA:9,0,0,0
BRDA:9,0,1,0
BRDA:14,1,0,0
BRDA:14,1,1,0
BRDA:22,2,0,0
BRDA:22,2,1,0
BRDA:22,3,0,0
BRDA:22,3,1,0
BRDA:22,3,2,0
BRDA:22,3,3,0
BRDA:22,3,4,0
BRDA:22,3,5,0
BRDA:29,4,0,0
BRDA:29,4,1,0
BRDA:33,5,0,0
BRDA:33,5,1,0
BRDA:37,6,0,0
BRDA:37,6,1,0
BRDA:41,7,0,0
BRDA:41,7,1,0
BRDA:72,8,0,0
BRDA:72,8,1,0
BRDA:95,9,0,0
BRDA:95,9,1,0
BRDA:114,10,0,0
BRDA:114,10,1,0
BRDA:128,11,0,0
BRDA:128,11,1,0
BRDA:138,12,0,0
BRDA:138,12,1,0
BRDA:142,13,0,0
BRDA:142,13,1,0
BRDA:155,14,0,0
BRDA:155,14,1,0
BRF:34
BRH:0
end_of_record
TN:
SF:db\models\index.js
FN:21,(anonymous_0)
FN:29,(anonymous_1)
FN:35,(anonymous_2)
FNF:3
FNH:3
FNDA:12,(anonymous_0)
FNDA:9,(anonymous_1)
FNDA:3,(anonymous_2)
DA:3,3
DA:4,3
DA:5,3
DA:6,3
DA:7,3
DA:8,3
DA:9,3
DA:10,3
DA:13,3
DA:14,0
DA:16,3
DA:19,3
DA:22,12
DA:30,9
DA:31,9
DA:32,9
DA:35,3
DA:36,3
DA:37,0
DA:41,3
DA:42,3
DA:44,3
LF:22
LH:20
BRDA:8,0,0,3
BRDA:8,0,1,0
BRDA:13,1,0,0
BRDA:13,1,1,3
BRDA:23,2,0,12
BRDA:23,2,1,12
BRDA:23,2,2,9
BRDA:23,2,3,9
BRDA:36,3,0,0
BRDA:36,3,1,3
BRF:10
BRH:7
end_of_record
TN:
SF:db\models\inventory.js
FNF:0
FNH:0
DA:2,3
DA:3,3
DA:5,3
DA:118,3
LF:4
LH:4
BRF:0
BRH:0
end_of_record
TN:
SF:db\models\loans.js
FNF:0
FNH:0
DA:2,3
DA:3,3
DA:4,3
DA:5,3
DA:7,3
DA:74,3
DA:75,3
DA:77,3
DA:78,3
DA:80,3
LF:10
LH:10
BRF:0
BRH:0
end_of_record
TN:
SF:db\models\users.js
FN:78,(anonymous_0)
FNF:1
FNH:1
FNDA:2,(anonymous_0)
DA:2,3
DA:3,3
DA:4,3
DA:6,3
DA:79,2
DA:80,2
DA:100,3
LF:7
LH:7
BRF:0
BRH:0
end_of_record
TN:
SF:routes\authRoute.js
FNF:0
FNH:0
DA:1,3
DA:2,3
DA:5,3
DA:6,3
DA:7,3
DA:9,3
LF:6
LH:6
BRF:0
BRH:0
end_of_record
TN:
SF:routes\inventoryRoute.js
FNF:0
FNH:0
DA:1,3
DA:2,3
DA:4,3
DA:6,3
DA:8,3
DA:10,3
DA:12,3
DA:14,3
DA:16,3
LF:9
LH:9
BRF:0
BRH:0
end_of_record
TN:
SF:routes\loansRoute.js
FNF:0
FNH:0
DA:1,3
DA:2,3
DA:4,3
DA:6,3
DA:7,3
DA:8,3
DA:9,3
DA:11,3
LF:8
LH:8
BRF:0
BRH:0
end_of_record
TN:
SF:utils\apiError.js
FN:2,(anonymous_0)
FNF:1
FNH:1
FNDA:13,(anonymous_0)
DA:3,13
DA:5,13
DA:6,13
DA:7,13
DA:9,13
DA:13,3
LF:6
LH:6
BRDA:6,0,0,13
BRDA:6,0,1,0
BRF:2
BRH:1
end_of_record
TN:
SF:utils\catchAsync.js
FN:1,(anonymous_0)
FN:2,(anonymous_1)
FNF:2
FNH:2
FNDA:42,(anonymous_0)
FNDA:22,(anonymous_1)
DA:1,3
DA:2,42
DA:3,22
DA:6,42
DA:9,3
LF:5
LH:5
BRF:0
BRH:0
end_of_record
